            --------------------------------------------------------
                             AMBER SQM VERSION 19
 
                                     By
              Ross C. Walker, Michael F. Crowley, Scott Brozell,
                         Tim Giese, Andreas W. Goetz,
                        Tai-Sung Lee and David A. Case
 
            --------------------------------------------------------
 

--------------------------------------------------------------------------------
  QM CALCULATION INFO
--------------------------------------------------------------------------------

| QMMM: Citation for AMBER QMMM Run:
| QMMM: R.C. Walker, M.F. Crowley and D.A. Case, J. COMP. CHEM. 29:1019, 2008

QMMM: SINGLET STATE CALCULATION
QMMM: RHF CALCULATION, NO. OF DOUBLY OCCUPIED LEVELS = 44

| QMMM: *** Selected Hamiltonian *** 
| QMMM: AM1         

| QMMM: *** Parameter sets in use ***
| QMMM: C : M.J.S.DEWAR et al. JACS, 107, 3902, (1985)
| QMMM: O : M.J.S.DEWAR et al. JACS, 107, 3902, (1985)
| QMMM: H : M.J.S.DEWAR et al. JACS, 107, 3902, (1985)

| QMMM: *** SCF convergence criteria ***
| QMMM: Energy change                :  0.1D-09 kcal/mol
| QMMM: Error matrix |FP-PF|         :  0.1D+00 au
| QMMM: Density matrix change        :  0.5D-06
| QMMM: Maximum number of SCF cycles :     1000

| QMMM: *** Diagonalization Routine Information ***
| QMMM: Pseudo diagonalizations are allowed.
| QMMM: Auto diagonalization routine selection is in use.
| QMMM:
| QMMM: Timing diagonalization routines:
| QMMM:                              norbs =       80
| QMMM:    diag iterations used for timing =       15
| QMMM:
| QMMM:              Internal diag routine = 0.014816 seconds
| QMMM:                 Dspev diag routine = 0.331788 seconds
| QMMM:                Dspevd diag routine = 0.234876 seconds
| QMMM:                Dspevx diag routine = 0.034335 seconds
| QMMM:                 Dsyev diag routine = 0.218364 seconds
| QMMM:                Dsyevd diag routine = 0.085416 seconds
| QMMM:                Dsyevr diag routine = 0.044116 seconds
| QMMM:
| QMMM:                Pseudo diag routine = 0.002749 seconds
| QMMM:
| QMMM: Using internal diagonalization routine (diag_routine=1).

  QMMM: QM Region Cartesian Coordinates (*=link atom) 
  QMMM: QM_NO.   MM_NO.  ATOM         X         Y         Z
  QMMM:     1        1      C        5.0860    1.3630    0.0040
  QMMM:     2        2      C        3.6620    1.1600    0.4970
  QMMM:     3        3      C        2.8230    0.3850   -0.5190
  QMMM:     4        4      C        1.3910    0.1820   -0.0200
  QMMM:     5        5      C        0.5530   -0.5960   -1.0390
  QMMM:     6        6      C       -0.8620   -0.8070   -0.5610
  QMMM:     7        7      C       -1.2960   -1.9520   -0.0220
  QMMM:     8        8      O       -0.4510   -3.0370    0.1610
  QMMM:     9        9      C       -2.7000   -2.1270    0.4230
  QMMM:    10       10      O       -3.0250   -3.2080    0.9090
  QMMM:    11       11      C       -3.6450   -0.9830    0.2590
  QMMM:    12       12      O       -4.9390   -1.2070    0.6990
  QMMM:    13       13      C       -3.2250    0.1720   -0.2870
  QMMM:    14       14      C       -4.0580    1.4050   -0.5040
  QMMM:    15       15      C       -1.8080    0.3240   -0.7430
  QMMM:    16       16      O       -1.4360    1.3740   -1.2600
  QMMM:    17       17      H        5.5830    0.4020   -0.1670
  QMMM:    18       18      H        5.1000    1.9290   -0.9330
  QMMM:    19       19      H        5.6680    1.9190    0.7450
  QMMM:    20       20      H        3.6850    0.6200    1.4500
  QMMM:    21       21      H        3.2050    2.1380    0.6880
  QMMM:    22       22      H        3.2870   -0.5910   -0.7100
  QMMM:    23       23      H        2.8070    0.9270   -1.4720
  QMMM:    24       24      H        0.9340    1.1600    0.1770
  QMMM:    25       25      H        1.4100   -0.3600    0.9340
  QMMM:    26       26      H        0.5450   -0.0700   -2.0020
  QMMM:    27       27      H        1.0370   -1.5600   -1.2410
  QMMM:    28       28      H       -1.0130   -3.7320    0.5700
  QMMM:    29       29      H       -5.5060   -0.4430    0.5250
  QMMM:    30       30      H       -5.0800    1.3180   -0.1310
  QMMM:    31       31      H       -4.1230    1.6350   -1.5740
  QMMM:    32       32      H       -3.6080    2.2630    0.0070

--------------------------------------------------------------------------------
  RESULTS
--------------------------------------------------------------------------------

      iter         sqm energy              rms gradient
      ----    -------------------    -----------------------
xmin    10     -152.8024 kcal/mol        0.0949 kcal/(mol*A)
xmin    20     -152.8278 kcal/mol        0.1941 kcal/(mol*A)
xmin    30     -153.0196 kcal/mol        0.7543 kcal/(mol*A)
xmin    40     -153.3751 kcal/mol        0.8318 kcal/(mol*A)
xmin    50     -153.5324 kcal/mol        0.0839 kcal/(mol*A)
xmin    60     -153.5680 kcal/mol        0.1524 kcal/(mol*A)
xmin    70     -153.5755 kcal/mol        0.0671 kcal/(mol*A)
xmin    80     -153.5778 kcal/mol        0.0271 kcal/(mol*A)
xmin    90     -153.5794 kcal/mol        0.0216 kcal/(mol*A)
xmin   100     -153.5804 kcal/mol        0.0149 kcal/(mol*A)
xmin   110     -153.5806 kcal/mol        0.0062 kcal/(mol*A)
xmin   120     -153.5807 kcal/mol        0.0089 kcal/(mol*A)
xmin   130     -153.5807 kcal/mol        0.0061 kcal/(mol*A)
xmin   140     -153.5807 kcal/mol        0.0026 kcal/(mol*A)
xmin   150     -153.5807 kcal/mol        0.0011 kcal/(mol*A)
  ... geometry converged !
 
 Final MO eigenvalues (eV):
 -42.0387  -40.0234  -39.7907  -38.2926  -37.0030  -35.3960  -34.2306  -31.8599
 -29.4465  -27.1678  -26.4778  -23.6915  -23.0566  -21.7481  -21.5261  -20.5067
 -18.9368  -18.5393  -17.6337  -17.0338  -16.6862  -16.1737  -15.7975  -15.4787
 -15.3741  -15.2634  -14.9093  -14.6936  -14.3662  -14.3008  -14.1834  -14.0852
 -13.9495  -13.2841  -12.6999  -12.6412  -12.0542  -11.7780  -11.6958  -11.4805
 -11.1380  -11.0093  -10.2084   -9.8981   -1.7562    0.1088    0.7399    1.4968
   1.9914    2.2326    2.6042    2.7770    2.9924    3.3778    3.7267    3.7798
   3.8380    3.9109    4.0280    4.1185    4.1637    4.2562    4.3509    4.4538
   4.4831    4.5779    4.6782    4.7066    4.8388    4.9320    5.0245    5.0724
   5.1666    5.1968    5.2755    5.3330    5.3694    5.5111    5.6795    6.1529


 Heat of formation   =       -153.58073157 kcal/mol  (       -6.65976027 eV)

 Total SCF energy    =     -70073.01720841 kcal/mol  (    -3038.59404225 eV)
 Electronic energy   =    -402447.36851933 kcal/mol  (   -17451.42745411 eV)
 Core-core repulsion =     332374.35131092 kcal/mol  (    14412.83341186 eV)
 
    Atomic Charges for Step       1 :
  Atom    Element       Mulliken Charge
     1      C                 -0.210
     2      C                 -0.158
     3      C                 -0.157
     4      C                 -0.152
     5      C                 -0.115
     6      C                 -0.151
     7      C                  0.009
     8      O                 -0.233
     9      C                  0.273
    10      O                 -0.237
    11      C                  0.034
    12      O                 -0.219
    13      C                 -0.216
    14      C                 -0.189
    15      C                  0.305
    16      O                 -0.269
    17      H                  0.072
    18      H                  0.072
    19      H                  0.072
    20      H                  0.077
    21      H                  0.080
    22      H                  0.079
    23      H                  0.082
    24      H                  0.090
    25      H                  0.082
    26      H                  0.106
    27      H                  0.105
    28      H                  0.242
    29      H                  0.231
    30      H                  0.085
    31      H                  0.085
    32      H                  0.125
 Total Mulliken Charge =      -0.000
 
                  X        Y        Z     TOTAL  
  QM DIPOLE    -1.265    0.594    0.286    1.426
 
 Final Structure

  QMMM: QM Region Cartesian Coordinates (*=link atom) 
  QMMM: QM_NO.   MM_NO.  ATOM         X         Y         Z
  QMMM:     1        1      C        5.0325    1.3479    0.0886
  QMMM:     2        2      C        3.6045    1.1691    0.5350
  QMMM:     3        3      C        2.8028    0.3752   -0.4747
  QMMM:     4        4      C        1.3700    0.1998   -0.0196
  QMMM:     5        5      C        0.5741   -0.5950   -1.0390
  QMMM:     6        6      C       -0.8386   -0.7783   -0.6096
  QMMM:     7        7      C       -1.2929   -1.9431   -0.0867
  QMMM:     8        8      O       -0.4295   -2.9998    0.0624
  QMMM:     9        9      C       -2.7001   -2.1504    0.3423
  QMMM:    10       10      O       -3.0760   -3.2378    0.7867
  QMMM:    11       11      C       -3.5804   -0.9654    0.1932
  QMMM:    12       12      O       -4.8494   -1.2126    0.6412
  QMMM:    13       13      C       -3.1529    0.2106   -0.3288
  QMMM:    14       14      C       -4.0519    1.3788   -0.4680
  QMMM:    15       15      C       -1.7543    0.3709   -0.7891
  QMMM:    16       16      O       -1.3691    1.4267   -1.3080
  QMMM:    17       17      H        5.5321    0.3575   -0.0416
  QMMM:    18       18      H        5.0758    1.8921   -0.8858
  QMMM:    19       19      H        5.6054    1.9350    0.8462
  QMMM:    20       20      H        3.5823    0.6435    1.5262
  QMMM:    21       21      H        3.1272    2.1738    0.6835
  QMMM:    22       22      H        3.2772   -0.6305   -0.6238
  QMMM:    23       23      H        2.8213    0.9011   -1.4656
  QMMM:    24       24      H        0.8905    1.2048    0.1205
  QMMM:    25       25      H        1.3499   -0.3277    0.9696
  QMMM:    26       26      H        0.5843   -0.0492   -2.0220
  QMMM:    27       27      H        1.0564   -1.5976   -1.1941
  QMMM:    28       28      H       -0.9323   -3.7551    0.4163
  QMMM:    29       29      H       -5.3844   -0.4110    0.5231
  QMMM:    30       30      H       -4.4358    1.6999    0.5335
  QMMM:    31       31      H       -4.9266    1.1262   -1.1196
  QMMM:    32       32      H       -3.5110    2.2437   -0.9294

           --------- Calculation Completed ----------

