[11:07:32] WARNING: More than one matching pattern found - picking one

[11:07:32] WARNING: More than one matching pattern found - picking one

[11:07:32] WARNING: More than one matching pattern found - picking one

[11:07:32] WARNING: More than one matching pattern found - picking one

[11:07:33] WARNING: More than one matching pattern found - picking one

[11:07:33] WARNING: More than one matching pattern found - picking one

[11:07:33] WARNING: More than one matching pattern found - picking one

[11:07:34] WARNING: More than one matching pattern found - picking one

[11:07:34] WARNING: More than one matching pattern found - picking one

[11:07:34] WARNING: More than one matching pattern found - picking one

[11:07:34] WARNING: More than one matching pattern found - picking one

[11:07:35] WARNING: More than one matching pattern found - picking one

[11:07:35] WARNING: More than one matching pattern found - picking one

[11:07:35] WARNING: More than one matching pattern found - picking one

[11:07:35] Can't kekulize mol.  Unkekulized atoms: 1 2 3 16 17
[11:07:36] WARNING: More than one matching pattern found - picking one

[11:07:36] WARNING: More than one matching pattern found - picking one

[11:07:36] WARNING: More than one matching pattern found - picking one

[11:07:37] WARNING: More than one matching pattern found - picking one

[11:07:37] WARNING: More than one matching pattern found - picking one

[11:07:37] WARNING: More than one matching pattern found - picking one

[11:07:38] WARNING: More than one matching pattern found - picking one

[11:07:38] WARNING: More than one matching pattern found - picking one

[11:07:39] WARNING: More than one matching pattern found - picking one

[11:07:39] WARNING: More than one matching pattern found - picking one

[11:07:39] WARNING: More than one matching pattern found - picking one

[11:07:40] WARNING: More than one matching pattern found - picking one

[11:07:40] WARNING: More than one matching pattern found - picking one

[11:07:40] WARNING: More than one matching pattern found - picking one

[11:07:41] WARNING: More than one matching pattern found - picking one

[11:07:41] WARNING: More than one matching pattern found - picking one

[11:07:41] WARNING: More than one matching pattern found - picking one

[11:07:42] WARNING: More than one matching pattern found - picking one

[11:07:42] WARNING: More than one matching pattern found - picking one

[11:07:43] Explicit valence for atom # 2 O, 3, is greater than permitted
[11:07:43] WARNING: More than one matching pattern found - picking one

[11:07:43] Explicit valence for atom # 0 O, 3, is greater than permitted
[11:07:43] WARNING: More than one matching pattern found - picking one

[11:07:44] WARNING: More than one matching pattern found - picking one

[11:07:44] WARNING: More than one matching pattern found - picking one

[11:07:44] WARNING: More than one matching pattern found - picking one

[11:07:44] Explicit valence for atom # 1 C, 6, is greater than permitted
[11:07:44] WARNING: More than one matching pattern found - picking one

[11:07:44] Explicit valence for atom # 8 C, 5, is greater than permitted
[11:07:44] WARNING: More than one matching pattern found - picking one

[11:07:45] WARNING: More than one matching pattern found - picking one

[11:07:45] WARNING: More than one matching pattern found - picking one

[11:07:46] WARNING: More than one matching pattern found - picking one

[11:07:47] WARNING: More than one matching pattern found - picking one

[11:07:48] WARNING: More than one matching pattern found - picking one

Energy ratio module failed to calculate ensemble conformation energy for InChI=1S/C21H26N2O3/c1-20-7-6-9-13(20)10(3-2-8-11(20)4-5-12(8)24)18(25)22-17(9)19(26)23-21-14-15(21)16(14)21/h8-11,13-17H,2-7H2,1H3,(H,22,25)(H,23,26)/t8-,9-,10+,11+,13-,14-,15+,16-,17+,20-,21-/m0/s1: Failed to generate conformations.
[11:08:32] WARNING: More than one matching pattern found - picking one

[11:08:32] WARNING: More than one matching pattern found - picking one

[11:08:33] WARNING: More than one matching pattern found - picking one

[11:08:33] WARNING: More than one matching pattern found - picking one

[11:08:33] WARNING: More than one matching pattern found - picking one

[11:08:33] WARNING: More than one matching pattern found - picking one

[11:08:40] WARNING: More than one matching pattern found - picking one

[11:08:40] WARNING: More than one matching pattern found - picking one

[11:08:40] WARNING: More than one matching pattern found - picking one

[11:08:41] WARNING: More than one matching pattern found - picking one

[11:08:41] WARNING: More than one matching pattern found - picking one

[11:08:41] WARNING: More than one matching pattern found - picking one

[11:08:41] WARNING: More than one matching pattern found - picking one

[11:08:42] WARNING: More than one matching pattern found - picking one

[11:08:42] WARNING: More than one matching pattern found - picking one

[11:08:42] WARNING: More than one matching pattern found - picking one

[11:08:43] WARNING: More than one matching pattern found - picking one

[11:08:43] WARNING: More than one matching pattern found - picking one

[11:08:43] WARNING: More than one matching pattern found - picking one

[11:08:43] Explicit valence for atom # 8 C, 6, is greater than permitted
[11:08:43] WARNING: More than one matching pattern found - picking one

[11:08:44] WARNING: More than one matching pattern found - picking one

[11:08:44] WARNING: More than one matching pattern found - picking one

[11:08:44] Explicit valence for atom # 12 C, 6, is greater than permitted
[11:08:45] WARNING: More than one matching pattern found - picking one

[11:08:45] WARNING: More than one matching pattern found - picking one

[11:08:45] WARNING: More than one matching pattern found - picking one

[11:08:46] WARNING: More than one matching pattern found - picking one

[11:08:46] WARNING: More than one matching pattern found - picking one

[11:08:47] WARNING: More than one matching pattern found - picking one

[11:08:47] WARNING: More than one matching pattern found - picking one

[11:08:47] WARNING: More than one matching pattern found - picking one

[11:08:48] WARNING: More than one matching pattern found - picking one

[11:08:48] WARNING: More than one matching pattern found - picking one

[11:08:48] Explicit valence for atom # 0 O, 4, is greater than permitted
[11:08:48] WARNING: More than one matching pattern found - picking one

[11:08:49] WARNING: More than one matching pattern found - picking one

[11:08:49] WARNING: More than one matching pattern found - picking one

[11:08:49] WARNING: More than one matching pattern found - picking one

[11:08:50] WARNING: More than one matching pattern found - picking one

[11:08:50] WARNING: More than one matching pattern found - picking one

[11:08:50] WARNING: More than one matching pattern found - picking one

[11:08:51] WARNING: More than one matching pattern found - picking one

[11:08:54] WARNING: More than one matching pattern found - picking one

[11:08:54] WARNING: More than one matching pattern found - picking one

[11:08:54] WARNING: More than one matching pattern found - picking one

[11:08:54] WARNING: More than one matching pattern found - picking one

[11:08:54] WARNING: More than one matching pattern found - picking one

[11:08:54] WARNING: More than one matching pattern found - picking one

[11:08:55] WARNING: More than one matching pattern found - picking one

[11:08:55] WARNING: More than one matching pattern found - picking one

[11:08:55] WARNING: More than one matching pattern found - picking one

[11:08:56] WARNING: More than one matching pattern found - picking one

========================================================================
PoseBusters v2 — OpenMM-based CIF parsing + SMILES template
========================================================================
  SMILES index: 98 compounds
  jobs: 206
  [10/206] tgfb1    × r3_9                          
  [20/206] tgfb1    × r3_5                          
  [30/206] tgfb1    × r3_1                          
  [40/206] tyr      × Oxyresveratrol                
  [50/206] tyr      × Mulberroside_A                
  [60/206] dct      × Mulberroside_A                
  [70/206] dct      × Niacinamide                   
  [80/206] tyrp1    × Mulberroside_A                
  [90/206] ctnnb1   × Saponin_Re                    
  [100/206] ar       × Physcion                      
  [110/206] srd5a2   × Ferulic_acid                  
  [120/206] ar       × Finasteride                   
  [130/206] ar       × Magnolol                      
  [140/206] ar       × Paeonol                       
  [150/206] sirt1    × Ascorbic_acid                 
  [160/206] mmp1     × Tretinoin                     
  [170/206] mmp1     × Epigallocatechin              
  [180/206] SIRT1    × EMB-3                         
  [190/206] AR       × Baicalein                     
  [200/206] MMP1     × EMB-3                         

✅ /home/crazat/genesis_medicine/pilot/posebusters/posebusters_results_v2.csv

=== SUMMARY ===
  total      : 206
  parsed OK  : 149
  failed     : 57
  full-pass  : 43/149 (28.9%)
  mean pass-rate: 0.952 (19.0/20)
✅ /home/crazat/genesis_medicine/pilot/posebusters/posebusters_v2_summary.json
