            --------------------------------------------------------
                             AMBER SQM VERSION 19
 
                                     By
              Ross C. Walker, Michael F. Crowley, Scott Brozell,
                         Tim Giese, Andreas W. Goetz,
                        Tai-Sung Lee and David A. Case
 
            --------------------------------------------------------
 

--------------------------------------------------------------------------------
  QM CALCULATION INFO
--------------------------------------------------------------------------------

| QMMM: Citation for AMBER QMMM Run:
| QMMM: R.C. Walker, M.F. Crowley and D.A. Case, J. COMP. CHEM. 29:1019, 2008

QMMM: SINGLET STATE CALCULATION
QMMM: RHF CALCULATION, NO. OF DOUBLY OCCUPIED LEVELS = 59

| QMMM: *** Selected Hamiltonian *** 
| QMMM: AM1         

| QMMM: *** Parameter sets in use ***
| QMMM: C : M.J.S.DEWAR et al. JACS, 107, 3902, (1985)
| QMMM: O : M.J.S.DEWAR et al. JACS, 107, 3902, (1985)
| QMMM: H : M.J.S.DEWAR et al. JACS, 107, 3902, (1985)

| QMMM: *** SCF convergence criteria ***
| QMMM: Energy change                :  0.1D-09 kcal/mol
| QMMM: Error matrix |FP-PF|         :  0.1D+00 au
| QMMM: Density matrix change        :  0.5D-06
| QMMM: Maximum number of SCF cycles :     1000

| QMMM: *** Diagonalization Routine Information ***
| QMMM: Pseudo diagonalizations are allowed.
| QMMM: Auto diagonalization routine selection is in use.
| QMMM:
| QMMM: Timing diagonalization routines:
| QMMM:                              norbs =      110
| QMMM:    diag iterations used for timing =       10
| QMMM:
| QMMM:              Internal diag routine = 0.009758 seconds
| QMMM:                 Dspev diag routine = 0.115766 seconds
| QMMM:                Dspevd diag routine = 0.071670 seconds
| QMMM:                Dspevx diag routine = 0.051909 seconds
| QMMM:                 Dsyev diag routine = 0.157037 seconds
| QMMM:                Dsyevd diag routine = 0.024783 seconds
| QMMM:                Dsyevr diag routine = 0.027495 seconds
| QMMM:
| QMMM:                Pseudo diag routine = 0.006605 seconds
| QMMM:
| QMMM: Using internal diagonalization routine (diag_routine=1).

  QMMM: QM Region Cartesian Coordinates (*=link atom) 
  QMMM: QM_NO.   MM_NO.  ATOM         X         Y         Z
  QMMM:     1        1      C        7.6060    5.0420    0.9660
  QMMM:     2        2      C        7.1800    4.7320    2.3930
  QMMM:     3        3      C        6.0830    3.6690    2.4840
  QMMM:     4        4      C        6.5390    2.2890    2.0020
  QMMM:     5        5      C        5.5170    1.1820    2.2800
  QMMM:     6        6      C        4.1380    1.3690    1.6360
  QMMM:     7        7      C        4.1890    1.4600    0.1080
  QMMM:     8        8      C        2.7960    1.5280   -0.5330
  QMMM:     9        9      C        2.2920    0.1960   -1.1020
  QMMM:    10       10      C        2.0470   -0.9210   -0.0850
  QMMM:    11       11      C        0.9060   -0.6670    0.9110
  QMMM:    12       12      C       -0.4680   -0.6960    0.2830
  QMMM:    13       13      C       -1.1320   -1.8360    0.0410
  QMMM:    14       14      C       -2.4860   -1.8400   -0.5650
  QMMM:    15       15      O       -3.0610   -2.9040   -0.7740
  QMMM:    16       16      C       -3.1020   -0.5530   -0.9060
  QMMM:    17       17      C       -2.4720    0.5990   -0.6610
  QMMM:    18       18      C       -1.1120    0.6130   -0.0280
  QMMM:    19       19      O       -0.5500    1.6730    0.2290
  QMMM:    20       20      O       -3.0460    1.8200   -0.9750
  QMMM:    21       21      O       -0.5830   -3.0750    0.3350
  QMMM:    22       22      H        8.3190    5.8730    0.9590
  QMMM:    23       23      H        6.7460    5.3280    0.3520
  QMMM:    24       24      H        8.0950    4.1820    0.4980
  QMMM:    25       25      H        8.0550    4.4190    2.9750
  QMMM:    26       26      H        6.8080    5.6550    2.8530
  QMMM:    27       27      H        5.7630    3.5960    3.5310
  QMMM:    28       28      H        5.2130    4.0030    1.9070
  QMMM:    29       29      H        7.4730    2.0230    2.5110
  QMMM:    30       30      H        6.7680    2.3170    0.9320
  QMMM:    31       31      H        5.3820    1.0890    3.3650
  QMMM:    32       32      H        5.9390    0.2280    1.9400
  QMMM:    33       33      H        3.6540    2.2630    2.0430
  QMMM:    34       34      H        3.5140    0.5220    1.9400
  QMMM:    35       35      H        4.7230    2.3780   -0.1640
  QMMM:    36       36      H        4.7660    0.6260   -0.3080
  QMMM:    37       37      H        2.0700    1.9600    0.1630
  QMMM:    38       38      H        2.8550    2.2270   -1.3780
  QMMM:    39       39      H        1.3730    0.3820   -1.6690
  QMMM:    40       40      H        3.0250   -0.1650   -1.8350
  QMMM:    41       41      H        2.9700   -1.1180    0.4720
  QMMM:    42       42      H        1.8390   -1.8460   -0.6390
  QMMM:    43       43      H        1.0700    0.2690    1.4560
  QMMM:    44       44      H        0.9540   -1.4460    1.6840
  QMMM:    45       45      H       -4.0840   -0.6060   -1.3570
  QMMM:    46       46      H       -3.9220    1.6850   -1.3710
  QMMM:    47       47      H       -1.2580   -3.7330    0.0630

--------------------------------------------------------------------------------
  RESULTS
--------------------------------------------------------------------------------

      iter         sqm energy              rms gradient
      ----    -------------------    -----------------------
xmin    10     -183.0179 kcal/mol        0.2005 kcal/(mol*A)
xmin    20     -183.1198 kcal/mol        0.1072 kcal/(mol*A)
xmin    30     -183.1520 kcal/mol        0.1044 kcal/(mol*A)
xmin    40     -183.1821 kcal/mol        0.1181 kcal/(mol*A)
xmin    50     -183.2169 kcal/mol        0.0904 kcal/(mol*A)
xmin    60     -183.2598 kcal/mol        0.1562 kcal/(mol*A)
xmin    70     -183.2889 kcal/mol        0.1049 kcal/(mol*A)
xmin    80     -183.3007 kcal/mol        0.0283 kcal/(mol*A)
xmin    90     -183.3085 kcal/mol        0.0812 kcal/(mol*A)
xmin   100     -183.3140 kcal/mol        0.0232 kcal/(mol*A)
xmin   110     -183.3181 kcal/mol        0.0238 kcal/(mol*A)
xmin   120     -183.3207 kcal/mol        0.0106 kcal/(mol*A)
xmin   130     -183.3211 kcal/mol        0.0167 kcal/(mol*A)
xmin   140     -183.3221 kcal/mol        0.0135 kcal/(mol*A)
xmin   150     -183.3236 kcal/mol        0.0278 kcal/(mol*A)
xmin   160     -183.3246 kcal/mol        0.0119 kcal/(mol*A)
xmin   170     -183.3255 kcal/mol        0.0120 kcal/(mol*A)
xmin   180     -183.3257 kcal/mol        0.0124 kcal/(mol*A)
xmin   190     -183.3260 kcal/mol        0.0033 kcal/(mol*A)
xmin   200     -183.3262 kcal/mol        0.0044 kcal/(mol*A)
xmin   210     -183.3262 kcal/mol        0.0020 kcal/(mol*A)
xmin   220     -183.3263 kcal/mol        0.0031 kcal/(mol*A)
xmin   230     -183.3263 kcal/mol        0.0025 kcal/(mol*A)
xmin   240     -183.3263 kcal/mol        0.0016 kcal/(mol*A)
xmin   250     -183.3263 kcal/mol        0.0015 kcal/(mol*A)
xmin   260     -183.3263 kcal/mol        0.0017 kcal/(mol*A)
xmin   270     -183.3263 kcal/mol        0.0010 kcal/(mol*A)
  ... geometry converged !
 
 Final MO eigenvalues (eV):
 -41.9319  -40.4596  -39.3328  -38.4284  -38.1244  -36.8909  -35.5894  -34.4268
 -32.7808  -30.7400  -29.0836  -27.8964  -27.0259  -25.4155  -24.0369  -23.5073
 -22.7466  -21.7915  -20.4987  -20.2510  -20.0708  -19.3829  -18.3960  -17.4854
 -17.0434  -16.8280  -16.4739  -15.9897  -15.8426  -15.7447  -15.6499  -15.5027
 -15.1538  -15.0524  -14.9211  -14.8127  -14.4568  -14.3863  -14.1025  -14.0316
 -13.7650  -13.2916  -13.1182  -12.8334  -12.5410  -12.4863  -12.1237  -11.8122
 -11.6824  -11.6381  -11.5230  -11.3087  -11.1887  -11.1720  -11.0034  -10.8962
 -10.7605  -10.5963   -9.9262   -1.7523    0.1073    0.7365    1.6120    1.9705
   2.0635    2.4597    2.6287    3.2411    3.6152    3.6988    3.7449    3.8019
   3.8826    3.9234    3.9881    4.0588    4.0882    4.1621    4.1820    4.2613
   4.3678    4.3843    4.4527    4.4921    4.6486    4.7199    4.7237    4.7596
   4.7747    4.8555    4.9074    4.9384    4.9798    5.0009    5.0063    5.1548
   5.1938    5.2043    5.2619    5.2910    5.2994    5.3670    5.3835    5.4270
   5.4611    5.5165    5.5218    5.5728    5.7233    5.9670

 Heat of formation   =       -183.32630907 kcal/mol  (       -7.94962530 eV)

 Total SCF energy    =     -88037.02794355 kcal/mol  (    -3817.57200224 eV)
 Electronic energy   =    -607004.67918938 kcal/mol  (   -26321.69806987 eV)
 Core-core repulsion =     518967.65124582 kcal/mol  (    22504.12606764 eV)
 
    Atomic Charges for Step       1 :
  Atom    Element       Mulliken Charge
     1      C                 -0.210
     2      C                 -0.158
     3      C                 -0.157
     4      C                 -0.157
     5      C                 -0.156
     6      C                 -0.159
     7      C                 -0.155
     8      C                 -0.163
     9      C                 -0.152
    10      C                 -0.153
    11      C                 -0.113
    12      C                 -0.177
    13      C                  0.029
    14      C                  0.283
    15      O                 -0.284
    16      C                 -0.328
    17      C                  0.078
    18      C                  0.298
    19      O                 -0.225
    20      O                 -0.208
    21      O                 -0.230
    22      H                  0.070
    23      H                  0.073
    24      H                  0.072
    25      H                  0.077
    26      H                  0.075
    27      H                  0.075
    28      H                  0.082
    29      H                  0.075
    30      H                  0.082
    31      H                  0.077
    32      H                  0.077
    33      H                  0.084
    34      H                  0.077
    35      H                  0.077
    36      H                  0.078
    37      H                  0.096
    38      H                  0.076
    39      H                  0.072
    40      H                  0.077
    41      H                  0.088
    42      H                  0.087
    43      H                  0.110
    44      H                  0.099
    45      H                  0.165
    46      H                  0.230
    47      H                  0.245
 Total Mulliken Charge =      -0.000
 
                  X        Y        Z     TOTAL  
  QM DIPOLE    -1.480   -0.297   -0.835    1.725
 
 Final Structure

  QMMM: QM Region Cartesian Coordinates (*=link atom) 
  QMMM: QM_NO.   MM_NO.  ATOM         X         Y         Z
  QMMM:     1        1      C        6.8797    5.4432    1.2096
  QMMM:     2        2      C        7.1677    4.6977    2.4873
  QMMM:     3        3      C        6.2181    3.5400    2.7165
  QMMM:     4        4      C        6.5398    2.3490    1.8382
  QMMM:     5        5      C        5.6037    1.1832    2.0823
  QMMM:     6        6      C        4.2532    1.3425    1.4152
  QMMM:     7        7      C        4.2992    1.0335   -0.0675
  QMMM:     8        8      C        2.9331    1.1422   -0.7178
  QMMM:     9        9      C        2.3161   -0.1971   -1.0640
  QMMM:    10       10      C        2.0049   -1.0718    0.1307
  QMMM:    11       11      C        0.8945   -0.5377    1.0166
  QMMM:    12       12      C       -0.4307   -0.5156    0.3395
  QMMM:    13       13      C       -1.1437   -1.6490    0.1122
  QMMM:    14       14      C       -2.4775   -1.6610   -0.5573
  QMMM:    15       15      O       -3.0798   -2.7322   -0.7124
  QMMM:    16       16      C       -2.9851   -0.3700   -0.9971
  QMMM:    17       17      C       -2.2867    0.7670   -0.7748
  QMMM:    18       18      C       -0.9658    0.7975   -0.0603
  QMMM:    19       19      O       -0.3961    1.8656    0.1702
  QMMM:    20       20      O       -2.6979    2.0055   -1.1628
  QMMM:    21       21      O       -0.6290   -2.8531    0.5120
  QMMM:    22       22      H        7.5868    6.3000    1.0938
  QMMM:    23       23      H        5.8373    5.8444    1.2130
  QMMM:    24       24      H        6.9929    4.7723    0.3239
  QMMM:    25       25      H        8.2238    4.3188    2.4714
  QMMM:    26       26      H        7.0851    5.4089    3.3524
  QMMM:    27       27      H        6.2777    3.2276    3.7932
  QMMM:    28       28      H        5.1646    3.8761    2.5273
  QMMM:    29       29      H        7.5931    2.0187    2.0431
  QMMM:    30       30      H        6.4927    2.6532    0.7594
  QMMM:    31       31      H        5.4512    1.0598    3.1878
  QMMM:    32       32      H        6.0895    0.2423    1.7096
  QMMM:    33       33      H        3.8760    2.3882    1.5676
  QMMM:    34       34      H        3.5171    0.6519    1.9084
  QMMM:    35       35      H        5.0048    1.7493   -0.5671
  QMMM:    36       36      H        4.7188    0.0042   -0.2219
  QMMM:    37       37      H        2.2291    1.7151   -0.0558
  QMMM:    38       38      H        3.0304    1.7317   -1.6693
  QMMM:    39       39      H        1.3676   -0.0128   -1.6370
  QMMM:    40       40      H        3.0129   -0.7579   -1.7431
  QMMM:    41       41      H        2.9297   -1.1870    0.7572
  QMMM:    42       42      H        1.7123   -2.0943   -0.2315
  QMMM:    43       43      H        1.1569    0.4964    1.3701
  QMMM:    44       44      H        0.8160   -1.2012    1.9222
  QMMM:    45       45      H       -3.9567   -0.3741   -1.5144
  QMMM:    46       46      H       -3.5555    1.9264   -1.6130
  QMMM:    47       47      H       -1.2808   -3.5462    0.2985

           --------- Calculation Completed ----------

