singlept master: 9920 mol
hetero10 432-conf ok: 1066 mol
singlept cols: id=np_id smi=smi energy=None gap=gap_eV
Traceback (most recent call last):
  File "/home/crazat/miniforge3/envs/genesis-md/lib/python3.11/site-packages/pandas/core/indexes/base.py", line 3812, in get_loc
    return self._engine.get_loc(casted_key)
           ^^^^^^^^^^^^^^^^^^^^^^^^^^^^^^^^
  File "pandas/_libs/index.pyx", line 167, in pandas._libs.index.IndexEngine.get_loc
  File "pandas/_libs/index.pyx", line 196, in pandas._libs.index.IndexEngine.get_loc
  File "pandas/_libs/hashtable_class_helper.pxi", line 7088, in pandas._libs.hashtable.PyObjectHashTable.get_item
  File "pandas/_libs/hashtable_class_helper.pxi", line 7096, in pandas._libs.hashtable.PyObjectHashTable.get_item
KeyError: 'smi'

The above exception was the direct cause of the following exception:

Traceback (most recent call last):
  File "/home/crazat/genesis_medicine/scripts/analyze_hetero10_cross_engine.py", line 58, in <module>
    main()
  File "/home/crazat/genesis_medicine/scripts/analyze_hetero10_cross_engine.py", line 34, in main
    sp[merge_key] = sp[sp_smi].astype(str)
                    ~~^^^^^^^^
  File "/home/crazat/miniforge3/envs/genesis-md/lib/python3.11/site-packages/pandas/core/frame.py", line 4113, in __getitem__
    indexer = self.columns.get_loc(key)
              ^^^^^^^^^^^^^^^^^^^^^^^^^
  File "/home/crazat/miniforge3/envs/genesis-md/lib/python3.11/site-packages/pandas/core/indexes/base.py", line 3819, in get_loc
    raise KeyError(key) from err
KeyError: 'smi'
