hetero10 input: 986 mol
resume: 80 already done
launching 986 mol on 22 subprocess workers, num_confs=432
  30/986 (3.4 min, ETA 109.6 min)
  60/986 (6.6 min, ETA 102.4 min)
  90/986 (10.4 min, ETA 103.6 min)
  120/986 (13.9 min, ETA 100.6 min)
  150/986 (17.9 min, ETA 99.8 min)
  180/986 (21.2 min, ETA 94.7 min)
  210/986 (24.9 min, ETA 92.2 min)
  240/986 (28.8 min, ETA 89.6 min)
  270/986 (32.3 min, ETA 85.7 min)
  300/986 (35.6 min, ETA 81.4 min)
  330/986 (38.5 min, ETA 76.4 min)
  360/986 (41.8 min, ETA 72.7 min)
  390/986 (44.9 min, ETA 68.6 min)
  420/986 (48.2 min, ETA 65.0 min)
  450/986 (51.2 min, ETA 61.0 min)
  480/986 (54.4 min, ETA 57.4 min)
  510/986 (57.0 min, ETA 53.2 min)
  540/986 (59.3 min, ETA 49.0 min)
  570/986 (62.2 min, ETA 45.4 min)
  600/986 (65.1 min, ETA 41.9 min)
  630/986 (67.7 min, ETA 38.3 min)
  660/986 (70.1 min, ETA 34.6 min)
  690/986 (72.3 min, ETA 31.0 min)
  720/986 (75.3 min, ETA 27.8 min)
  750/986 (77.5 min, ETA 24.4 min)
  780/986 (80.2 min, ETA 21.2 min)
  810/986 (83.0 min, ETA 18.0 min)
  840/986 (85.9 min, ETA 14.9 min)
  870/986 (89.1 min, ETA 11.9 min)
  900/986 (92.7 min, ETA 8.9 min)
  930/986 (95.6 min, ETA 5.8 min)
  960/986 (99.1 min, ETA 2.7 min)
done 986 in 114.5 min
