========================================================================
Pareto multi-objective optimization (paper-tier ranker)
========================================================================
Druglikeness rows: 2336
Cofold rows: 1042
ADMET rows: 2336
Per-compound max binding: 316

Valid for Pareto: 2336 mol
Cost matrix: (2336, 9)
Computing Pareto ranks (limit 10 fronts)...

[Pareto Front 1: 1000 mol]
  pareto_score=8.950 qed=0.736 SA=1.72 hERG=0.109 herbal_T=0.246 | COC(=O)c1ccc(O)c(C(=O)OC)c1
  pareto_score=8.788 qed=0.886 SA=1.79 hERG=0.479 herbal_T=0.333 | COc1cc(Oc2ccc(O)c(OC)c2)ccc1O
  pareto_score=8.780 qed=0.886 SA=1.83 hERG=0.449 herbal_T=0.288 | COc1ccc(O)c(Oc2ccc(O)c(OC)c2)c1
  pareto_score=8.761 qed=0.886 SA=1.87 hERG=0.463 herbal_T=0.259 | COc1ccc(O)c(Oc2cc(OC)ccc2O)c1
  pareto_score=8.730 qed=0.788 SA=1.96 hERG=0.243 herbal_T=0.262 | COc1cc(Oc2cc(CO)ccc2O)ccc1O
  pareto_score=8.703 qed=0.568 SA=2.01 hERG=0.072 herbal_T=0.237 | COC(=O)c1ccc(C(=O)OC)c(O)c1O
  pareto_score=8.699 qed=0.788 SA=2.00 hERG=0.269 herbal_T=0.224 | COc1ccc(O)c(Oc2cc(CO)ccc2O)c1
  pareto_score=8.693 qed=0.805 SA=2.46 hERG=0.584 herbal_T=0.233 | C=CC(C)(C)c1ccc(O)c(Oc2cc(OC)ccc2O)c1
  pareto_score=8.692 qed=0.751 SA=3.51 hERG=0.132 herbal_T=0.387 | COC(=O)C1Oc2cc(O)cc(O)c2CC1OC
  pareto_score=8.689 qed=0.805 SA=2.43 hERG=0.576 herbal_T=0.254 | C=CC(C)(C)c1ccc(O)c(Oc2ccc(O)c(OC)c2)c1

[Pareto rank distribution]
  rank 1: 1000 mol
  rank 2: 913 mol
  rank 3: 373 mol
  rank 4: 50 mol
  rank 5: 0 mol
  rank 6: 0 mol
  rank 7: 0 mol
  rank 8: 0 mol
  rank 9: 0 mol
  rank 10: 0 mol

✅ pareto_ranking.csv (2336 rows)
✅ pareto_top50.csv (50 rows)
✅ Pareto Front 1: 1000 mol (true non-dominated)
