========================================================================
PoseBusters v3 — fixed LIG1 filter + chain-based extraction
========================================================================
PoseBusters tasks: 300
[17:47:09] Explicit valence for atom # 8 C, 5, is greater than permitted
[17:47:09] Explicit valence for atom # 8 C, 5, is greater than permitted
[17:47:09] Explicit valence for atom # 8 C, 5, is greater than permitted
[17:47:09] Explicit valence for atom # 8 C, 5, is greater than permitted
[17:47:09] Explicit valence for atom # 8 C, 5, is greater than permitted
[17:47:09] Explicit valence for atom # 8 C, 5, is greater than permitted
[17:47:09] Explicit valence for atom # 8 C, 5, is greater than permitted
Energy ratio module failed because Molecule does not sanitize.
[17:47:26] Explicit valence for atom # 1 C, 5, is greater than permitted
[17:47:26] Explicit valence for atom # 1 C, 5, is greater than permitted
[17:47:26] Explicit valence for atom # 1 C, 5, is greater than permitted
[17:47:26] Explicit valence for atom # 1 C, 5, is greater than permitted
[17:47:26] Explicit valence for atom # 1 C, 5, is greater than permitted
[17:47:26] Explicit valence for atom # 1 C, 5, is greater than permitted
[17:47:26] Explicit valence for atom # 1 C, 5, is greater than permitted
Energy ratio module failed because Molecule does not sanitize.
[17:47:44] Explicit valence for atom # 10 O, 3, is greater than permitted
[17:47:44] Explicit valence for atom # 10 O, 3, is greater than permitted
[17:47:44] Explicit valence for atom # 10 O, 3, is greater than permitted
[17:47:44] Explicit valence for atom # 10 O, 3, is greater than permitted
[17:47:44] Explicit valence for atom # 10 O, 3, is greater than permitted
[17:47:44] Explicit valence for atom # 10 O, 3, is greater than permitted
[17:47:44] Explicit valence for atom # 10 O, 3, is greater than permitted
Energy ratio module failed because Molecule does not sanitize.
[17:47:47] Explicit valence for atom # 33 C, 5, is greater than permitted
[17:47:47] Explicit valence for atom # 33 C, 5, is greater than permitted
[17:47:47] Explicit valence for atom # 33 C, 5, is greater than permitted
[17:47:47] Explicit valence for atom # 33 C, 5, is greater than permitted
[17:47:47] Explicit valence for atom # 33 C, 5, is greater than permitted
[17:47:47] Explicit valence for atom # 33 C, 5, is greater than permitted
[17:47:47] Explicit valence for atom # 33 C, 5, is greater than permitted
Energy ratio module failed because Molecule does not sanitize.
[17:48:13] Explicit valence for atom # 1 O, 3, is greater than permitted
[17:48:13] Explicit valence for atom # 1 O, 3, is greater than permitted
[17:48:13] Explicit valence for atom # 1 O, 3, is greater than permitted
[17:48:13] Explicit valence for atom # 1 O, 3, is greater than permitted
[17:48:13] Explicit valence for atom # 1 O, 3, is greater than permitted
[17:48:13] Explicit valence for atom # 1 O, 3, is greater than permitted
[17:48:13] Explicit valence for atom # 1 O, 3, is greater than permitted
Energy ratio module failed because Molecule does not sanitize.
[17:48:14] Explicit valence for atom # 8 O, 5, is greater than permitted
[17:48:14] Explicit valence for atom # 8 O, 5, is greater than permitted
[17:48:14] Explicit valence for atom # 8 O, 5, is greater than permitted
[17:48:14] Explicit valence for atom # 8 O, 5, is greater than permitted
[17:48:14] Explicit valence for atom # 8 O, 5, is greater than permitted
[17:48:14] Explicit valence for atom # 8 O, 5, is greater than permitted
[17:48:14] Explicit valence for atom # 8 O, 5, is greater than permitted
Energy ratio module failed because Molecule does not sanitize.
[17:48:31] Explicit valence for atom # 11 O, 3, is greater than permitted
[17:48:31] Explicit valence for atom # 11 O, 3, is greater than permitted
[17:48:31] Explicit valence for atom # 11 O, 3, is greater than permitted
[17:48:31] Explicit valence for atom # 11 O, 3, is greater than permitted
[17:48:31] Explicit valence for atom # 11 O, 3, is greater than permitted
[17:48:31] Explicit valence for atom # 11 O, 3, is greater than permitted
[17:48:31] Explicit valence for atom # 11 O, 3, is greater than permitted
Energy ratio module failed because Molecule does not sanitize.
[17:49:29] Explicit valence for atom # 2 C, 5, is greater than permitted
[17:49:29] WARNING: could not find number of expected rings. Switching to an approximate ring finding algorithm.
[17:49:29] WARNING: could not find number of expected rings. Switching to an approximate ring finding algorithm.
[17:49:29] WARNING: could not find number of expected rings. Switching to an approximate ring finding algorithm.
[17:49:29] WARNING: could not find number of expected rings. Switching to an approximate ring finding algorithm.
[17:49:29] WARNING: could not find number of expected rings. Switching to an approximate ring finding algorithm.
[17:49:29] WARNING: could not find number of expected rings. Switching to an approximate ring finding algorithm.
[17:49:29] WARNING: could not find number of expected rings. Switching to an approximate ring finding algorithm.
[17:49:29] Explicit valence for atom # 2 C, 5, is greater than permitted
[17:49:29] Explicit valence for atom # 2 C, 5, is greater than permitted
[17:49:29] Explicit valence for atom # 2 C, 5, is greater than permitted
[17:49:29] Explicit valence for atom # 2 C, 5, is greater than permitted
[17:49:29] Explicit valence for atom # 2 C, 5, is greater than permitted
[17:49:29] Explicit valence for atom # 2 C, 5, is greater than permitted
Energy ratio module failed because Molecule does not sanitize.
[17:49:35] Explicit valence for atom # 11 C, 5, is greater than permitted
[17:49:35] Explicit valence for atom # 11 C, 5, is greater than permitted
[17:49:35] Explicit valence for atom # 11 C, 5, is greater than permitted
[17:49:35] Explicit valence for atom # 11 C, 5, is greater than permitted
[17:49:35] Explicit valence for atom # 11 C, 5, is greater than permitted
[17:49:35] Explicit valence for atom # 11 C, 5, is greater than permitted
[17:49:35] Explicit valence for atom # 11 C, 5, is greater than permitted
Energy ratio module failed because Molecule does not sanitize.
[17:49:38] Explicit valence for atom # 0 O, 3, is greater than permitted
[17:49:38] Explicit valence for atom # 0 O, 3, is greater than permitted
[17:49:38] Explicit valence for atom # 0 O, 3, is greater than permitted
[17:49:38] Explicit valence for atom # 0 O, 3, is greater than permitted
[17:49:38] Explicit valence for atom # 0 O, 3, is greater than permitted
[17:49:38] Explicit valence for atom # 0 O, 3, is greater than permitted
[17:49:38] Explicit valence for atom # 0 O, 3, is greater than permitted
Energy ratio module failed because Molecule does not sanitize.
Energy ratio module failed to calculate ensemble conformation energy for InChI=1S/C16H24O4/c17-13-2-1-8-5-9-3-4-18-14(9)16(15(8)20-13)19-7-12-10-6-11(10)12/h8-17H,1-7H2/t8-,9-,10-,11-,13+,14+,15+,16+/m1/s1: Failed to generate conformations.
Energy ratio module failed to calculate ensemble conformation energy for InChI=1S/C18H26O4/c1-21-10-3-5-13(20)12(7-10)18-15-16(18)8-22-14-6-9(19)2-4-11(14)17(15,16)18/h9-15,19-20H,2-8H2,1H3/t9-,10-,11-,12-,13+,14-,15-,16+,17+,18+/m0/s1: Failed to generate conformations.
Energy ratio module failed to calculate ensemble conformation energy for InChI=1S/C18H28O3/c19-8-12-5-10(1-3-14(12)20)11-2-4-15(21)13(6-11)18-9-17(18)7-16(17)18/h10-16,19-21H,1-9H2/t10-,11-,12+,13-,14+,15-,16+,17-,18-/m0/s1: Failed to generate conformations.
Energy ratio module failed to calculate ensemble conformation energy for InChI=1S/C20H28O4/c1-17-15-16(17)20(15,17)11-3-5-14(22)19(8-11)18(24-19)7-10-2-4-12(21)6-13(10)23-9-18/h10-16,21-22H,2-9H2,1H3/t10-,11+,12+,13+,14-,15-,16+,17-,18+,19+,20+/m1/s1: Failed to generate conformations.
[17:52:16] Explicit valence for atom # 1 O, 4, is greater than permitted
[17:52:16] Explicit valence for atom # 1 O, 4, is greater than permitted
[17:52:16] Explicit valence for atom # 1 O, 4, is greater than permitted
[17:52:16] Explicit valence for atom # 1 O, 4, is greater than permitted
[17:52:16] Explicit valence for atom # 1 O, 4, is greater than permitted
[17:52:16] Explicit valence for atom # 1 O, 4, is greater than permitted
[17:52:16] Explicit valence for atom # 1 O, 4, is greater than permitted
Energy ratio module failed because Molecule does not sanitize.
Energy ratio module failed to calculate ensemble conformation energy for InChI=1S/C21H34O6/c1-25-16-9-12(4-6-14(16)23)3-5-13(22)10-20-18-19(21(18,20)27-20)8-7-15(24)17(11-19)26-2/h12-18,22-24H,3-11H2,1-2H3/t12-,13-,14+,15+,16-,17-,18-,19-,20?,21-/m0/s1: Failed to generate conformations.
[17:52:24] Explicit valence for atom # 13 O, 4, is greater than permitted
[17:52:24] Explicit valence for atom # 13 O, 4, is greater than permitted
[17:52:24] Explicit valence for atom # 13 O, 4, is greater than permitted
[17:52:24] Explicit valence for atom # 13 O, 4, is greater than permitted
[17:52:24] Explicit valence for atom # 13 O, 4, is greater than permitted
[17:52:24] Explicit valence for atom # 13 O, 4, is greater than permitted
[17:52:24] Explicit valence for atom # 13 O, 4, is greater than permitted
Energy ratio module failed because Molecule does not sanitize.
Energy ratio module failed to calculate ensemble conformation energy for InChI=1S/C20H30O4/c1-19-17-18(19)20(17,19)14-8-12(4-5-15(14)22)24-13-6-10-2-3-11(21)7-16(10)23-9-13/h10-18,21-22H,2-9H2,1H3/t10-,11+,12+,13-,14+,15-,16+,17-,18+,19-,20+/m1/s1: Failed to generate conformations.
Energy ratio module failed to calculate ensemble conformation energy for InChI=1S/C21H30O11/c22-6-2-7(13-10-4-1-5(4)11(10)13)29-8-3-9(14(23)15(24)12(6)8)30-19-17(26)16(25)18(27)21(31-19)20(28)32-21/h4-20,22-28H,1-3H2/t4-,5+,6-,7-,8-,9+,10-,11+,12+,13+,14-,15-,16-,17-,18+,19-,20-,21-/m1/s1: Failed to generate conformations.
Energy ratio module failed to calculate ensemble conformation energy for InChI=1S/C20H30O4/c21-13-3-1-11-7-19(9-23-15(11)5-13)17-18(19)20(17)8-12-2-4-14(22)6-16(12)24-10-20/h11-18,21-22H,1-10H2/t11-,12+,13-,14-,15-,16+,17-,18-,19-,20+/m0/s1: Failed to generate conformations.

✅ posebusters_validation_v3.csv (300 rows)

[Pass rate per target — v3]
        count  n_passed  pass_rate
target                            
ar        213        22      0.103
ctgf       87         6      0.069

Overall: 9.3% (28/300)
