NPASS xTB 10k consolidation + top refine
Master rows: 9997
Selected top 80 for 432-conformer xTB refinement
 rank     np_id               smiles  log_kp_pottsguy   logp      mw  hetero_atoms  gap_eV_mean  energy_kcal_min  topical_refine_score
  479 NPC273385        CCCCCCCCCCCCC        -0.049356 5.3173 184.367             0    12.682079    -26442.927435              3.310627
  443 NPC264874     CCCCCCCC(C)CCCCC         0.039740 5.5633 198.394             0    12.324815    -28430.289759              3.242824
  470  NPC27584     C1CCCCCCCCCCCCC1        -0.020312 5.4614 196.378             0    12.307514    -27787.891502              3.224086
  619 NPC100276       CCCCCCCC(C)CCC        -0.343073 4.7831 170.340             0    12.420994    -24458.677201              3.176675
 1192 NPC278711             CCCCCCCC        -1.006387 3.3668 114.232             0    12.923600    -16517.181571              3.145516
  620 NPC251788       CCCCCC(CC)CCCC        -0.343073 4.7831 170.340             0    12.138392    -24458.067884              3.107667
  581 NPC231007    CCCCC(CC)CCCC(C)C        -0.253978 5.0291 184.367             0    11.949384    -26444.665068              3.080951
  741 NPC126915     CCCCCCCCCCCCCCCO        -0.493733 5.0699 228.420             1    12.143435    -32964.681054              3.060495
  696 NPC103035     CCCCCCCC(C)C(C)C        -0.445384 4.6390 170.340             0    12.013800    -24459.627949              3.051863
  653 NPC188693 C1CCC(CC1)CCCC1CCCC1        -0.387296 4.9272 194.362             0    11.930940    -27159.358746              3.041477
 1110  NPC80642     CC(C)CC(C)CC(C)C        -0.930508 3.7147 142.286             0    12.116148    -20487.181013              2.961841
  606 NPC216875  CCCCCCCCCCCCC(CCC)O        -0.303463 5.4584 242.447             1    11.537932    -34953.268355              2.957173
Saved pilot/cpu_meaningful/xtb_npass_top9997_hetero10_refine_432conf.csv (80/80 ok)
Wall: 2.8 min
 rank     np_id  log_kp_pottsguy   logp      mw  gap_eV_mean  gap_eV_max
 1192 NPC278711        -1.006387 3.3668 114.232    12.983940   13.463257
  479 NPC273385        -0.049356 5.3173 184.367    12.575239   12.980451
 5086 NPC311000        -2.790609 0.3887  60.096    12.393751   12.464243
 1732 NPC180941        -1.344328 2.9767 124.227    12.351640   12.461890
  470  NPC27584        -0.020312 5.4614 196.378    12.326858   12.728109
  619 NPC100276        -0.343073 4.7831 170.340    12.317920   12.755312
  443 NPC264874         0.039740 5.5633 198.394    12.204307   12.584490
 4768 NPC315019        -2.658961 0.9270 101.169    12.197733   12.673241
  620 NPC251788        -0.343073 4.7831 170.340    12.173021   12.491068
 3916  NPC39869        -2.318701 1.4149 102.177    12.137975   12.328208
  696 NPC103035        -0.445384 4.6390 170.340    12.115438   12.507713
 4390 NPC256186        -2.510107 1.0248  88.150    12.106158   12.342209
  581 NPC231007        -0.253978 5.0291 184.367    12.090148   12.497237
  741 NPC126915        -0.493733 5.0699 228.420    12.088298   12.327513
 1110  NPC80642        -0.930508 3.7147 142.286    12.075235   12.351160
