[2026-05-04 15:12:49] === ZAFF orchestrator started ===
[2026-05-04 15:12:49]   cwd: /home/crazat/genesis_medicine
[2026-05-04 15:12:49]   poll cadence: 600 s
[2026-05-04 15:12:49]   skip 60ns wait: True
[2026-05-04 15:12:49] Phase 3 already complete (PHASE3_PASS exists) — skipping
[2026-05-04 15:12:49] ==> launching Phase4 complex builder: /home/crazat/miniforge3/envs/genesis-md/bin/python /home/crazat/genesis_medicine/scripts/zaff_phase4_build_complex_embelin.py
[Phase4] reusing embelin pose-aligned sdf: /home/crazat/genesis_medicine/pilot/scaffold_hop/abfe_embelin_mmp1/ligand.sdf
[Phase4] antechamber -i /home/crazat/genesis_medicine/pilot/abfe_mmp1_holo_zn_embelin/complex/embelin.sdf -fi sdf -o /home/crazat/genesis_medicine/pilot/abfe_mmp1_holo_zn_embelin/complex/embelin.mol2 -fo mol2 -c bcc -s 2 -rn LIG -pf y -at gaff2
[Phase4] parmchk2 -i /home/crazat/genesis_medicine/pilot/abfe_mmp1_holo_zn_embelin/complex/embelin.mol2 -f mol2 -o /home/crazat/genesis_medicine/pilot/abfe_mmp1_holo_zn_embelin/complex/embelin.frcmod -s 2
[Phase4] python3 -c import parmed as pmd; p=pmd.load_file('/home/crazat/genesis_medicine/pilot/abfe_mmp1_holo_zn_embelin/mmp1_holo.parm7','/home/crazat/genesis_medicine/pilot/abfe_mmp1_holo_zn_embelin/mmp1_holo.rst7'); p.save('/home/crazat/genesis_medicine/pilot/abfe_mmp1_holo_zn_embelin/complex/mmp1_holo.pdb', overwrite=True)
[Phase4] tleap -f tleap_complex.in
{
  "phase": "Phase 4 complex builder",
  "complex_atoms": 87769,
  "complex_residues": 28610,
  "zn_atoms": 1,
  "lig_residues": 1,
  "box_A": [
    105.118445,
    103.979629,
    99.545195
  ],
  "outputs": {
    "complex_parm7": "pilot/abfe_mmp1_holo_zn_embelin/complex/complex.parm7",
    "complex_rst7": "pilot/abfe_mmp1_holo_zn_embelin/complex/complex.rst7",
    "embelin_mol2": "pilot/abfe_mmp1_holo_zn_embelin/complex/embelin.mol2",
    "embelin_frcmod": "pilot/abfe_mmp1_holo_zn_embelin/complex/embelin.frcmod"
  }
}
[2026-05-04 15:13:21] <== Phase4 complex builder rc=0 duration_min=0.5
[2026-05-04 15:13:21] ==> Phase5 launching complex + solvent legs in parallel
[2026-05-04 15:13:21]   launching complex leg, stdout -> /home/crazat/genesis_medicine/pilot/abfe_mmp1_holo_zn_embelin/abfe_production/phase5_complex.log
[2026-05-04 15:13:21]   launching solvent leg, stdout -> /home/crazat/genesis_medicine/pilot/abfe_mmp1_holo_zn_embelin/abfe_production/phase5_solvent.log
[2026-05-04 15:14:32]   complex leg rc=1
